<?xml version="1.0" encoding="UTF-8"?>
<!-- Generated by org.testng.reporters.JUnitReportReporter -->
<testsuite skipped="0" hostname="LAPTOP-UULIG8AC" name="com.OrangeHRM.TestCases.AdminLoginInValidData_TC" tests="1" failures="0" timestamp="2022-11-29T06:43:28 IST" time="1.545" errors="0">
  <testcase name="checkAdminLogin" time="1.545" classname="com.OrangeHRM.TestCases.AdminLoginInValidData_TC"/>
  <system-out/>
</testsuite> <!-- com.OrangeHRM.TestCases.AdminLoginInValidData_TC -->
